{"timestamp": "2025-05-31 10:43:51", "level": "INFO", "message": "Starting SimpliDFS FUSE adapter."}
{"timestamp": "2025-05-31 10:43:51", "level": "INFO", "message": "File created: hello.txt"}
{"timestamp": "2025-05-31 10:43:51", "level": "INFO", "message": "File written: hello.txt, Content length: 26"}
{"timestamp": "2025-05-31 10:43:51", "level": "INFO", "message": "Created test file: hello.txt"}
{"timestamp": "2025-05-31 10:43:51", "level": "INFO", "message": "File created: empty_file.txt"}
{"timestamp": "2025-05-31 10:43:51", "level": "INFO", "message": "File written: empty_file.txt, Content length: 0"}
{"timestamp": "2025-05-31 10:43:51", "level": "INFO", "message": "Created test file: empty_file.txt"}
{"timestamp": "2025-05-31 10:43:51", "level": "INFO", "message": "File created: data.log"}
{"timestamp": "2025-05-31 10:43:51", "level": "INFO", "message": "File written: data.log, Content length: 36"}
{"timestamp": "2025-05-31 10:43:51", "level": "INFO", "message": "Created test file: data.log"}
{"timestamp": "2025-05-31 10:43:51", "level": "INFO", "message": "Passing control to fuse_main."}
{"timestamp": "2025-05-31 10:44:17", "level": "INFO", "message": "Starting SimpliDFS FUSE adapter."}
{"timestamp": "2025-05-31 10:44:17", "level": "INFO", "message": "File created: hello.txt"}
{"timestamp": "2025-05-31 10:44:17", "level": "INFO", "message": "File written: hello.txt, Content length: 26"}
{"timestamp": "2025-05-31 10:44:17", "level": "INFO", "message": "Created test file: hello.txt"}
{"timestamp": "2025-05-31 10:44:17", "level": "INFO", "message": "File created: empty_file.txt"}
{"timestamp": "2025-05-31 10:44:17", "level": "INFO", "message": "File written: empty_file.txt, Content length: 0"}
{"timestamp": "2025-05-31 10:44:17", "level": "INFO", "message": "Created test file: empty_file.txt"}
{"timestamp": "2025-05-31 10:44:17", "level": "INFO", "message": "File created: data.log"}
{"timestamp": "2025-05-31 10:44:17", "level": "INFO", "message": "File written: data.log, Content length: 36"}
{"timestamp": "2025-05-31 10:44:17", "level": "INFO", "message": "Created test file: data.log"}
{"timestamp": "2025-05-31 10:44:17", "level": "INFO", "message": "Passing control to fuse_main."}
{"timestamp": "2025-05-31 10:44:42", "level": "INFO", "message": "Starting SimpliDFS FUSE adapter."}
{"timestamp": "2025-05-31 10:44:42", "level": "INFO", "message": "File created: hello.txt"}
{"timestamp": "2025-05-31 10:44:42", "level": "INFO", "message": "File written: hello.txt, Content length: 26"}
{"timestamp": "2025-05-31 10:44:42", "level": "INFO", "message": "Created test file: hello.txt"}
{"timestamp": "2025-05-31 10:44:42", "level": "INFO", "message": "File created: empty_file.txt"}
{"timestamp": "2025-05-31 10:44:42", "level": "INFO", "message": "File written: empty_file.txt, Content length: 0"}
{"timestamp": "2025-05-31 10:44:42", "level": "INFO", "message": "Created test file: empty_file.txt"}
{"timestamp": "2025-05-31 10:44:42", "level": "INFO", "message": "File created: data.log"}
{"timestamp": "2025-05-31 10:44:42", "level": "INFO", "message": "File written: data.log, Content length: 36"}
{"timestamp": "2025-05-31 10:44:42", "level": "INFO", "message": "Created test file: data.log"}
{"timestamp": "2025-05-31 10:44:42", "level": "INFO", "message": "Passing control to fuse_main."}
{"timestamp": "2025-05-31 10:44:45", "level": "DEBUG", "message": "simpli_getattr called for path: /"}
{"timestamp": "2025-05-31 10:44:45", "level": "DEBUG", "message": "simpli_getattr called for path: /hello.txt"}
{"timestamp": "2025-05-31 10:44:45", "level": "INFO", "message": "File read: hello.txt"}
{"timestamp": "2025-05-31 10:44:45", "level": "DEBUG", "message": "simpli_getattr called for path: /empty_file.txt"}
{"timestamp": "2025-05-31 10:44:45", "level": "INFO", "message": "File read: empty_file.txt"}
{"timestamp": "2025-05-31 10:44:46", "level": "DEBUG", "message": "simpli_getattr called for path: /data.log"}
{"timestamp": "2025-05-31 10:44:46", "level": "INFO", "message": "File read: data.log"}
{"timestamp": "2025-05-31 10:44:46", "level": "DEBUG", "message": "simpli_getattr called for path: /nonexistent.txt"}
{"timestamp": "2025-05-31 10:44:46", "level": "WARN", "message": "getattr: File not found in known_files: nonexistent.txt"}
{"timestamp": "2025-05-31 10:46:02", "level": "INFO", "message": "Starting SimpliDFS FUSE adapter."}
{"timestamp": "2025-05-31 10:46:02", "level": "INFO", "message": "File created: hello.txt"}
{"timestamp": "2025-05-31 10:46:02", "level": "INFO", "message": "File written: hello.txt, Content length: 26"}
{"timestamp": "2025-05-31 10:46:02", "level": "INFO", "message": "Created test file: hello.txt"}
{"timestamp": "2025-05-31 10:46:02", "level": "INFO", "message": "File created: empty_file.txt"}
{"timestamp": "2025-05-31 10:46:02", "level": "INFO", "message": "File written: empty_file.txt, Content length: 0"}
{"timestamp": "2025-05-31 10:46:02", "level": "INFO", "message": "Created test file: empty_file.txt"}
{"timestamp": "2025-05-31 10:46:02", "level": "INFO", "message": "File created: data.log"}
{"timestamp": "2025-05-31 10:46:02", "level": "INFO", "message": "File written: data.log, Content length: 36"}
{"timestamp": "2025-05-31 10:46:02", "level": "INFO", "message": "Created test file: data.log"}
{"timestamp": "2025-05-31 10:46:02", "level": "INFO", "message": "Passing control to fuse_main."}
{"timestamp": "2025-05-31 10:46:05", "level": "DEBUG", "message": "simpli_getattr called for path: /"}
{"timestamp": "2025-05-31 10:46:05", "level": "DEBUG", "message": "simpli_getattr called for path: /hello.txt"}
{"timestamp": "2025-05-31 10:46:05", "level": "INFO", "message": "File read: hello.txt"}
{"timestamp": "2025-05-31 10:46:05", "level": "DEBUG", "message": "simpli_getattr called for path: /empty_file.txt"}
{"timestamp": "2025-05-31 10:46:05", "level": "INFO", "message": "File read: empty_file.txt"}
{"timestamp": "2025-05-31 10:46:05", "level": "DEBUG", "message": "simpli_getattr called for path: /data.log"}
{"timestamp": "2025-05-31 10:46:05", "level": "INFO", "message": "File read: data.log"}
{"timestamp": "2025-05-31 10:46:05", "level": "DEBUG", "message": "simpli_getattr called for path: /nonexistent.txt"}
{"timestamp": "2025-05-31 10:46:05", "level": "WARN", "message": "getattr: File not found in known_files: nonexistent.txt"}
{"timestamp": "2025-05-31 10:46:34", "level": "INFO", "message": "Starting SimpliDFS FUSE adapter."}
{"timestamp": "2025-05-31 10:46:34", "level": "INFO", "message": "File created: hello.txt"}
{"timestamp": "2025-05-31 10:46:34", "level": "INFO", "message": "File written: hello.txt, Content length: 26"}
{"timestamp": "2025-05-31 10:46:34", "level": "INFO", "message": "Created test file: hello.txt"}
{"timestamp": "2025-05-31 10:46:34", "level": "INFO", "message": "File created: empty_file.txt"}
{"timestamp": "2025-05-31 10:46:34", "level": "INFO", "message": "File written: empty_file.txt, Content length: 0"}
{"timestamp": "2025-05-31 10:46:34", "level": "INFO", "message": "Created test file: empty_file.txt"}
{"timestamp": "2025-05-31 10:46:34", "level": "INFO", "message": "File created: data.log"}
{"timestamp": "2025-05-31 10:46:34", "level": "INFO", "message": "File written: data.log, Content length: 36"}
{"timestamp": "2025-05-31 10:46:34", "level": "INFO", "message": "Created test file: data.log"}
{"timestamp": "2025-05-31 10:46:34", "level": "INFO", "message": "Passing control to fuse_main."}
{"timestamp": "2025-05-31 10:46:38", "level": "DEBUG", "message": "simpli_getattr called for path: /"}
{"timestamp": "2025-05-31 10:46:38", "level": "DEBUG", "message": "simpli_getattr called for path: /hello.txt"}
{"timestamp": "2025-05-31 10:46:38", "level": "INFO", "message": "File read: hello.txt"}
{"timestamp": "2025-05-31 10:46:38", "level": "DEBUG", "message": "simpli_getattr called for path: /empty_file.txt"}
{"timestamp": "2025-05-31 10:46:38", "level": "INFO", "message": "File read: empty_file.txt"}
{"timestamp": "2025-05-31 10:46:38", "level": "DEBUG", "message": "simpli_getattr called for path: /data.log"}
{"timestamp": "2025-05-31 10:46:38", "level": "INFO", "message": "File read: data.log"}
{"timestamp": "2025-05-31 10:46:38", "level": "DEBUG", "message": "simpli_getattr called for path: /nonexistent.txt"}
{"timestamp": "2025-05-31 10:46:38", "level": "WARN", "message": "getattr: File not found in known_files: nonexistent.txt"}
{"timestamp": "2025-05-31 10:47:54", "level": "INFO", "message": "Starting SimpliDFS FUSE adapter."}
{"timestamp": "2025-05-31 10:47:54", "level": "INFO", "message": "File created: hello.txt"}
{"timestamp": "2025-05-31 10:47:54", "level": "INFO", "message": "File written: hello.txt, Content length: 26"}
{"timestamp": "2025-05-31 10:47:54", "level": "INFO", "message": "Created test file: hello.txt"}
{"timestamp": "2025-05-31 10:47:54", "level": "INFO", "message": "File created: empty_file.txt"}
{"timestamp": "2025-05-31 10:47:54", "level": "INFO", "message": "File written: empty_file.txt, Content length: 0"}
{"timestamp": "2025-05-31 10:47:54", "level": "INFO", "message": "Created test file: empty_file.txt"}
{"timestamp": "2025-05-31 10:47:54", "level": "INFO", "message": "File created: data.log"}
{"timestamp": "2025-05-31 10:47:54", "level": "INFO", "message": "File written: data.log, Content length: 36"}
{"timestamp": "2025-05-31 10:47:54", "level": "INFO", "message": "Created test file: data.log"}
{"timestamp": "2025-05-31 10:47:54", "level": "INFO", "message": "Passing control to fuse_main."}
{"timestamp": "2025-05-31 10:47:57", "level": "DEBUG", "message": "simpli_getattr called for path: /"}
{"timestamp": "2025-05-31 10:47:57", "level": "DEBUG", "message": "simpli_getattr called for path: /hello.txt"}
{"timestamp": "2025-05-31 10:47:57", "level": "INFO", "message": "File read: hello.txt"}
{"timestamp": "2025-05-31 10:47:57", "level": "DEBUG", "message": "simpli_access called for path: /hello.txt with mask: -1637876496"}
{"timestamp": "2025-05-31 10:47:57", "level": "DEBUG", "message": "simpli_getattr called for path: /empty_file.txt"}
{"timestamp": "2025-05-31 10:47:57", "level": "INFO", "message": "File read: empty_file.txt"}
{"timestamp": "2025-05-31 10:47:57", "level": "DEBUG", "message": "simpli_access called for path: /empty_file.txt with mask: -1637876496"}
{"timestamp": "2025-05-31 10:47:57", "level": "DEBUG", "message": "simpli_getattr called for path: /data.log"}
{"timestamp": "2025-05-31 10:47:57", "level": "INFO", "message": "File read: data.log"}
{"timestamp": "2025-05-31 10:47:57", "level": "DEBUG", "message": "simpli_access called for path: /data.log with mask: -1637876496"}
{"timestamp": "2025-05-31 10:47:57", "level": "DEBUG", "message": "simpli_getattr called for path: /nonexistent.txt"}
{"timestamp": "2025-05-31 10:47:57", "level": "WARN", "message": "getattr: File not found in known_files: nonexistent.txt"}
{"timestamp": "2025-05-31 10:48:33", "level": "INFO", "message": "Starting SimpliDFS FUSE adapter."}
{"timestamp": "2025-05-31 10:48:33", "level": "INFO", "message": "File created: hello.txt"}
{"timestamp": "2025-05-31 10:48:33", "level": "INFO", "message": "File written: hello.txt, Content length: 26"}
{"timestamp": "2025-05-31 10:48:33", "level": "INFO", "message": "Created test file: hello.txt"}
{"timestamp": "2025-05-31 10:48:33", "level": "INFO", "message": "File created: empty_file.txt"}
{"timestamp": "2025-05-31 10:48:33", "level": "INFO", "message": "File written: empty_file.txt, Content length: 0"}
{"timestamp": "2025-05-31 10:48:33", "level": "INFO", "message": "Created test file: empty_file.txt"}
{"timestamp": "2025-05-31 10:48:33", "level": "INFO", "message": "File created: data.log"}
{"timestamp": "2025-05-31 10:48:33", "level": "INFO", "message": "File written: data.log, Content length: 36"}
{"timestamp": "2025-05-31 10:48:33", "level": "INFO", "message": "Created test file: data.log"}
{"timestamp": "2025-05-31 10:48:33", "level": "INFO", "message": "Passing control to fuse_main."}
{"timestamp": "2025-05-31 10:48:36", "level": "DEBUG", "message": "simpli_getattr called for path: /"}
{"timestamp": "2025-05-31 10:48:36", "level": "DEBUG", "message": "simpli_getattr called for path: /hello.txt"}
{"timestamp": "2025-05-31 10:48:36", "level": "INFO", "message": "File read: hello.txt"}
{"timestamp": "2025-05-31 10:48:36", "level": "DEBUG", "message": "simpli_access called for path: /hello.txt with mask: 1377828080"}
{"timestamp": "2025-05-31 10:48:36", "level": "DEBUG", "message": "simpli_getattr called for path: /empty_file.txt"}
{"timestamp": "2025-05-31 10:48:36", "level": "INFO", "message": "File read: empty_file.txt"}
{"timestamp": "2025-05-31 10:48:36", "level": "DEBUG", "message": "simpli_access called for path: /empty_file.txt with mask: 1377828080"}
{"timestamp": "2025-05-31 10:48:36", "level": "DEBUG", "message": "simpli_getattr called for path: /data.log"}
{"timestamp": "2025-05-31 10:48:36", "level": "INFO", "message": "File read: data.log"}
{"timestamp": "2025-05-31 10:48:36", "level": "DEBUG", "message": "simpli_access called for path: /data.log with mask: 1377828080"}
{"timestamp": "2025-05-31 10:48:36", "level": "DEBUG", "message": "simpli_getattr called for path: /nonexistent.txt"}
{"timestamp": "2025-05-31 10:48:36", "level": "WARN", "message": "getattr: File not found in known_files: nonexistent.txt"}
{"timestamp": "2025-05-31 10:49:08", "level": "INFO", "message": "Starting SimpliDFS FUSE adapter."}
{"timestamp": "2025-05-31 10:49:08", "level": "INFO", "message": "File created: hello.txt"}
{"timestamp": "2025-05-31 10:49:08", "level": "INFO", "message": "File written: hello.txt, Content length: 26"}
{"timestamp": "2025-05-31 10:49:08", "level": "INFO", "message": "Created test file: hello.txt"}
{"timestamp": "2025-05-31 10:49:08", "level": "INFO", "message": "File created: empty_file.txt"}
{"timestamp": "2025-05-31 10:49:08", "level": "INFO", "message": "File written: empty_file.txt, Content length: 0"}
{"timestamp": "2025-05-31 10:49:08", "level": "INFO", "message": "Created test file: empty_file.txt"}
{"timestamp": "2025-05-31 10:49:08", "level": "INFO", "message": "File created: data.log"}
{"timestamp": "2025-05-31 10:49:08", "level": "INFO", "message": "File written: data.log, Content length: 36"}
{"timestamp": "2025-05-31 10:49:08", "level": "INFO", "message": "Created test file: data.log"}
{"timestamp": "2025-05-31 10:49:08", "level": "INFO", "message": "Passing control to fuse_main."}
{"timestamp": "2025-05-31 10:49:11", "level": "DEBUG", "message": "simpli_getattr called for path: /"}
{"timestamp": "2025-05-31 10:49:11", "level": "DEBUG", "message": "simpli_getattr called for path: /hello.txt"}
{"timestamp": "2025-05-31 10:49:11", "level": "INFO", "message": "File read: hello.txt"}
{"timestamp": "2025-05-31 10:49:11", "level": "DEBUG", "message": "simpli_access called for path: /hello.txt with mask: -270533392"}
{"timestamp": "2025-05-31 10:49:11", "level": "DEBUG", "message": "simpli_getattr called for path: /empty_file.txt"}
{"timestamp": "2025-05-31 10:49:11", "level": "INFO", "message": "File read: empty_file.txt"}
{"timestamp": "2025-05-31 10:49:11", "level": "DEBUG", "message": "simpli_access called for path: /empty_file.txt with mask: -270533392"}
{"timestamp": "2025-05-31 10:49:11", "level": "DEBUG", "message": "simpli_getattr called for path: /data.log"}
{"timestamp": "2025-05-31 10:49:11", "level": "INFO", "message": "File read: data.log"}
{"timestamp": "2025-05-31 10:49:11", "level": "DEBUG", "message": "simpli_access called for path: /data.log with mask: -270533392"}
{"timestamp": "2025-05-31 10:49:11", "level": "DEBUG", "message": "simpli_getattr called for path: /nonexistent.txt"}
{"timestamp": "2025-05-31 10:49:11", "level": "WARN", "message": "getattr: File not found in known_files: nonexistent.txt"}
